<?xml version="1.0" encoding="UTF-8"?>
<!-- Generated by org.testng.reporters.JUnitReportReporter -->
<testsuite hostname="DESKTOP-QR6851A" failures="0" tests="2" name="TestNGprepare.TestNG5classexecution" time="29.503" errors="0" timestamp="20 Apr 2023 03:03:22 GMT" skipped="0">
  <testcase classname="TestNGprepare.TestNG5classexecution" name="TC5" time="10.454"/>
  <testcase classname="TestNGprepare.TestNG5classexecution" name="TC6" time="19.049"/>
</testsuite> <!-- TestNGprepare.TestNG5classexecution -->
