<?xml version="1.0" encoding="UTF-8"?>
<!-- Generated by org.testng.reporters.JUnitReportReporter -->
<testsuite hostname="DESKTOP-QR6851A" failures="0" tests="6" name="TestNGprepare.TestNG3" time="120.443" errors="0" timestamp="20 Apr 2023 02:31:29 GMT" skipped="1">
  <testcase classname="TestNGprepare.TestNG3" name="TC3" time="38.937"/>
  <testcase classname="TestNGprepare.TestNG3" name="TC1" time="12.690"/>
  <testcase classname="TestNGprepare.TestNG3" name="TC1" time="12.086"/>
  <testcase classname="TestNGprepare.TestNG3" name="TC1" time="17.828"/>
  <testcase classname="TestNGprepare.TestNG3" name="TC2" time="38.902"/>
  <testcase classname="TestNGprepare.TestNG3" name="TC4">
    <skipped/>
  </testcase> <!-- TC4 -->
</testsuite> <!-- TestNGprepare.TestNG3 -->
