<?xml version="1.0" encoding="UTF-8"?>
<!-- Generated by org.testng.reporters.JUnitReportReporter -->
<testsuite hostname="DESKTOP-QR6851A" failures="0" tests="3" name="TestNGprepare.TestNG4" time="49.812" errors="0" timestamp="20 Apr 2023 03:03:22 GMT" skipped="0">
  <testcase classname="TestNGprepare.TestNG4" name="TC11" time="24.605"/>
  <testcase classname="TestNGprepare.TestNG4" name="TC12" time="10.637"/>
  <testcase classname="TestNGprepare.TestNG4" name="TC10" time="14.570"/>
</testsuite> <!-- TestNGprepare.TestNG4 -->
